######################################################
##
## report_io_reg (01/23/2015)
##
## Vivado v2015.2 (64-bit)
## SW Build 1266856 on Fri Jun 26 16:35:25 MDT 2015
## IP Build 1264090 on Wed Jun 24 14:22:01 MDT 2015
## Copyright 1986-2015 Xilinx, Inc. All Rights Reserved.
##
## Generated on Mon Aug 31 16:58:58 MDT 2015
##
######################################################


 +-----------------------------------------------------------------------------------------------------------------------------+
 | IO Ports Summary                                                                                                            |
 +-------------------+-------+--------+-------------+---------+--------------+--------+--------+--------+--------+-------------+
 | Port              | Dir   | Coord  | Package pin | IO Bank | Clock Region | IDELAY | ODELAY | ILOGIC | OLOGIC | Info        |
 +-------------------+-------+--------+-------------+---------+--------------+--------+--------+--------+--------+-------------+
 | DDR_addr[0]       | INOUT | X1Y4   | N2          | 502     |              |        |        |        |        | Unconnected |
 | DDR_addr[1]       | INOUT | X1Y5   | K2          | 502     |              |        |        |        |        | Unconnected |
 | DDR_addr[2]       | INOUT | X1Y6   | M3          | 502     |              |        |        |        |        | Unconnected |
 | DDR_addr[3]       | INOUT | X1Y7   | K3          | 502     |              |        |        |        |        | Unconnected |
 | DDR_addr[4]       | INOUT | X1Y8   | M4          | 502     |              |        |        |        |        | Unconnected |
 | DDR_addr[5]       | INOUT | X1Y9   | L1          | 502     |              |        |        |        |        | Unconnected |
 | DDR_addr[6]       | INOUT | X1Y10  | L4          | 502     |              |        |        |        |        | Unconnected |
 | DDR_addr[7]       | INOUT | X1Y11  | K4          | 502     |              |        |        |        |        | Unconnected |
 | DDR_addr[8]       | INOUT | X1Y12  | K1          | 502     |              |        |        |        |        | Unconnected |
 | DDR_addr[9]       | INOUT | X1Y13  | J4          | 502     |              |        |        |        |        | Unconnected |
 | DDR_addr[10]      | INOUT | X1Y14  | F5          | 502     |              |        |        |        |        | Unconnected |
 | DDR_addr[11]      | INOUT | X1Y15  | G4          | 502     |              |        |        |        |        | Unconnected |
 | DDR_addr[12]      | INOUT | X1Y16  | E4          | 502     |              |        |        |        |        | Unconnected |
 | DDR_addr[13]      | INOUT | X1Y18  | D4          | 502     |              |        |        |        |        | Unconnected |
 | DDR_addr[14]      | INOUT | X1Y17  | F4          | 502     |              |        |        |        |        | Unconnected |
 | DDR_ba[0]         | INOUT | X1Y19  | L5          | 502     |              |        |        |        |        | Unconnected |
 | DDR_ba[1]         | INOUT | X1Y20  | R4          | 502     |              |        |        |        |        | Unconnected |
 | DDR_ba[2]         | INOUT | X1Y21  | J5          | 502     |              |        |        |        |        | Unconnected |
 | DDR_cas_n         | INOUT | X1Y22  | P5          | 502     |              |        |        |        |        | Unconnected |
 | DDR_ck_n          | INOUT | X1Y24  | M2          | 502     |              |        |        |        |        | Unconnected |
 | DDR_ck_p          | INOUT | X1Y25  | L2          | 502     |              |        |        |        |        | Unconnected |
 | DDR_cke           | INOUT | X1Y23  | N3          | 502     |              |        |        |        |        | Unconnected |
 | DDR_cs_n          | INOUT | X1Y27  | N1          | 502     |              |        |        |        |        | Unconnected |
 | DDR_dm[0]         | INOUT | X1Y28  | A1          | 502     |              |        |        |        |        | Unconnected |
 | DDR_dm[1]         | INOUT | X1Y29  | F1          | 502     |              |        |        |        |        | Unconnected |
 | DDR_dm[2]         | INOUT | X1Y30  | T1          | 502     |              |        |        |        |        | Unconnected |
 | DDR_dm[3]         | INOUT | X1Y31  | Y1          | 502     |              |        |        |        |        | Unconnected |
 | DDR_dq[0]         | INOUT | X1Y32  | C3          | 502     |              |        |        |        |        | Unconnected |
 | DDR_dq[1]         | INOUT | X1Y33  | B3          | 502     |              |        |        |        |        | Unconnected |
 | DDR_dq[2]         | INOUT | X1Y34  | A2          | 502     |              |        |        |        |        | Unconnected |
 | DDR_dq[3]         | INOUT | X1Y35  | A4          | 502     |              |        |        |        |        | Unconnected |
 | DDR_dq[4]         | INOUT | X1Y36  | D3          | 502     |              |        |        |        |        | Unconnected |
 | DDR_dq[5]         | INOUT | X1Y37  | D1          | 502     |              |        |        |        |        | Unconnected |
 | DDR_dq[6]         | INOUT | X1Y38  | C1          | 502     |              |        |        |        |        | Unconnected |
 | DDR_dq[7]         | INOUT | X1Y39  | E1          | 502     |              |        |        |        |        | Unconnected |
 | DDR_dq[8]         | INOUT | X1Y40  | E2          | 502     |              |        |        |        |        | Unconnected |
 | DDR_dq[9]         | INOUT | X1Y41  | E3          | 502     |              |        |        |        |        | Unconnected |
 | DDR_dq[10]        | INOUT | X1Y42  | G3          | 502     |              |        |        |        |        | Unconnected |
 | DDR_dq[11]        | INOUT | X1Y43  | H3          | 502     |              |        |        |        |        | Unconnected |
 | DDR_dq[12]        | INOUT | X1Y44  | J3          | 502     |              |        |        |        |        | Unconnected |
 | DDR_dq[13]        | INOUT | X1Y45  | H2          | 502     |              |        |        |        |        | Unconnected |
 | DDR_dq[14]        | INOUT | X1Y46  | H1          | 502     |              |        |        |        |        | Unconnected |
 | DDR_dq[15]        | INOUT | X1Y47  | J1          | 502     |              |        |        |        |        | Unconnected |
 | DDR_dq[16]        | INOUT | X1Y48  | P1          | 502     |              |        |        |        |        | Unconnected |
 | DDR_dq[17]        | INOUT | X1Y49  | P3          | 502     |              |        |        |        |        | Unconnected |
 | DDR_dq[18]        | INOUT | X1Y50  | R3          | 502     |              |        |        |        |        | Unconnected |
 | DDR_dq[19]        | INOUT | X1Y51  | R1          | 502     |              |        |        |        |        | Unconnected |
 | DDR_dq[20]        | INOUT | X1Y52  | T4          | 502     |              |        |        |        |        | Unconnected |
 | DDR_dq[21]        | INOUT | X1Y53  | U4          | 502     |              |        |        |        |        | Unconnected |
 | DDR_dq[22]        | INOUT | X1Y54  | U2          | 502     |              |        |        |        |        | Unconnected |
 | DDR_dq[23]        | INOUT | X1Y55  | U3          | 502     |              |        |        |        |        | Unconnected |
 | DDR_dq[24]        | INOUT | X1Y56  | V1          | 502     |              |        |        |        |        | Unconnected |
 | DDR_dq[25]        | INOUT | X1Y57  | Y3          | 502     |              |        |        |        |        | Unconnected |
 | DDR_dq[26]        | INOUT | X1Y58  | W1          | 502     |              |        |        |        |        | Unconnected |
 | DDR_dq[27]        | INOUT | X1Y59  | Y4          | 502     |              |        |        |        |        | Unconnected |
 | DDR_dq[28]        | INOUT | X1Y60  | Y2          | 502     |              |        |        |        |        | Unconnected |
 | DDR_dq[29]        | INOUT | X1Y61  | W3          | 502     |              |        |        |        |        | Unconnected |
 | DDR_dq[30]        | INOUT | X1Y62  | V2          | 502     |              |        |        |        |        | Unconnected |
 | DDR_dq[31]        | INOUT | X1Y63  | V3          | 502     |              |        |        |        |        | Unconnected |
 | DDR_dqs_n[0]      | INOUT | X1Y64  | B2          | 502     |              |        |        |        |        | Unconnected |
 | DDR_dqs_n[1]      | INOUT | X1Y65  | F2          | 502     |              |        |        |        |        | Unconnected |
 | DDR_dqs_n[2]      | INOUT | X1Y66  | T2          | 502     |              |        |        |        |        | Unconnected |
 | DDR_dqs_n[3]      | INOUT | X1Y67  | W4          | 502     |              |        |        |        |        | Unconnected |
 | DDR_dqs_p[0]      | INOUT | X1Y68  | C2          | 502     |              |        |        |        |        | Unconnected |
 | DDR_dqs_p[1]      | INOUT | X1Y69  | G2          | 502     |              |        |        |        |        | Unconnected |
 | DDR_dqs_p[2]      | INOUT | X1Y70  | R2          | 502     |              |        |        |        |        | Unconnected |
 | DDR_dqs_p[3]      | INOUT | X1Y71  | W5          | 502     |              |        |        |        |        | Unconnected |
 | DDR_odt           | INOUT | X1Y131 | N5          | 502     |              |        |        |        |        | Unconnected |
 | DDR_ras_n         | INOUT | X1Y133 | P4          | 502     |              |        |        |        |        | Unconnected |
 | DDR_reset_n       | INOUT | X1Y72  | B4          | 502     |              |        |        |        |        | Unconnected |
 | DDR_we_n          | INOUT | X1Y1   | M5          | 502     |              |        |        |        |        | Unconnected |
 | FIXED_IO_ddr_vrn  | INOUT | X1Y2   | G5          | 502     |              |        |        |        |        | Unconnected |
 | FIXED_IO_ddr_vrp  | INOUT | X1Y3   | H5          | 502     |              |        |        |        |        | Unconnected |
 | FIXED_IO_mio[0]   | INOUT | X1Y77  | E6          | 500     |              |        |        |        |        | Unconnected |
 | FIXED_IO_mio[1]   | INOUT | X1Y78  | A7          | 500     |              |        |        |        |        | Unconnected |
 | FIXED_IO_mio[2]   | INOUT | X1Y79  | B8          | 500     |              |        |        |        |        | Unconnected |
 | FIXED_IO_mio[3]   | INOUT | X1Y80  | D6          | 500     |              |        |        |        |        | Unconnected |
 | FIXED_IO_mio[4]   | INOUT | X1Y81  | B7          | 500     |              |        |        |        |        | Unconnected |
 | FIXED_IO_mio[5]   | INOUT | X1Y82  | A6          | 500     |              |        |        |        |        | Unconnected |
 | FIXED_IO_mio[6]   | INOUT | X1Y83  | A5          | 500     |              |        |        |        |        | Unconnected |
 | FIXED_IO_mio[7]   | INOUT | X1Y84  | D8          | 500     |              |        |        |        |        | Unconnected |
 | FIXED_IO_mio[8]   | INOUT | X1Y85  | D5          | 500     |              |        |        |        |        | Unconnected |
 | FIXED_IO_mio[9]   | INOUT | X1Y86  | B5          | 500     |              |        |        |        |        | Unconnected |
 | FIXED_IO_mio[10]  | INOUT | X1Y87  | E9          | 500     |              |        |        |        |        | Unconnected |
 | FIXED_IO_mio[11]  | INOUT | X1Y88  | C6          | 500     |              |        |        |        |        | Unconnected |
 | FIXED_IO_mio[12]  | INOUT | X1Y89  | D9          | 500     |              |        |        |        |        | Unconnected |
 | FIXED_IO_mio[13]  | INOUT | X1Y90  | E8          | 500     |              |        |        |        |        | Unconnected |
 | FIXED_IO_mio[14]  | INOUT | X1Y91  | C5          | 500     |              |        |        |        |        | Unconnected |
 | FIXED_IO_mio[15]  | INOUT | X1Y92  | C8          | 500     |              |        |        |        |        | Unconnected |
 | FIXED_IO_mio[16]  | INOUT | X1Y93  | A19         | 501     |              |        |        |        |        | Unconnected |
 | FIXED_IO_mio[17]  | INOUT | X1Y94  | E14         | 501     |              |        |        |        |        | Unconnected |
 | FIXED_IO_mio[18]  | INOUT | X1Y95  | B18         | 501     |              |        |        |        |        | Unconnected |
 | FIXED_IO_mio[19]  | INOUT | X1Y96  | D10         | 501     |              |        |        |        |        | Unconnected |
 | FIXED_IO_mio[20]  | INOUT | X1Y97  | A17         | 501     |              |        |        |        |        | Unconnected |
 | FIXED_IO_mio[21]  | INOUT | X1Y98  | F14         | 501     |              |        |        |        |        | Unconnected |
 | FIXED_IO_mio[22]  | INOUT | X1Y99  | B17         | 501     |              |        |        |        |        | Unconnected |
 | FIXED_IO_mio[23]  | INOUT | X1Y100 | D11         | 501     |              |        |        |        |        | Unconnected |
 | FIXED_IO_mio[24]  | INOUT | X1Y101 | A16         | 501     |              |        |        |        |        | Unconnected |
 | FIXED_IO_mio[25]  | INOUT | X1Y102 | F15         | 501     |              |        |        |        |        | Unconnected |
 | FIXED_IO_mio[26]  | INOUT | X1Y103 | A15         | 501     |              |        |        |        |        | Unconnected |
 | FIXED_IO_mio[27]  | INOUT | X1Y104 | D13         | 501     |              |        |        |        |        | Unconnected |
 | FIXED_IO_mio[28]  | INOUT | X1Y105 | C16         | 501     |              |        |        |        |        | Unconnected |
 | FIXED_IO_mio[29]  | INOUT | X1Y106 | C13         | 501     |              |        |        |        |        | Unconnected |
 | FIXED_IO_mio[30]  | INOUT | X1Y107 | C15         | 501     |              |        |        |        |        | Unconnected |
 | FIXED_IO_mio[31]  | INOUT | X1Y108 | E16         | 501     |              |        |        |        |        | Unconnected |
 | FIXED_IO_mio[32]  | INOUT | X1Y109 | A14         | 501     |              |        |        |        |        | Unconnected |
 | FIXED_IO_mio[33]  | INOUT | X1Y110 | D15         | 501     |              |        |        |        |        | Unconnected |
 | FIXED_IO_mio[34]  | INOUT | X1Y111 | A12         | 501     |              |        |        |        |        | Unconnected |
 | FIXED_IO_mio[35]  | INOUT | X1Y112 | F12         | 501     |              |        |        |        |        | Unconnected |
 | FIXED_IO_mio[36]  | INOUT | X1Y113 | A11         | 501     |              |        |        |        |        | Unconnected |
 | FIXED_IO_mio[37]  | INOUT | X1Y114 | A10         | 501     |              |        |        |        |        | Unconnected |
 | FIXED_IO_mio[38]  | INOUT | X1Y115 | E13         | 501     |              |        |        |        |        | Unconnected |
 | FIXED_IO_mio[39]  | INOUT | X1Y116 | C18         | 501     |              |        |        |        |        | Unconnected |
 | FIXED_IO_mio[40]  | INOUT | X1Y117 | D14         | 501     |              |        |        |        |        | Unconnected |
 | FIXED_IO_mio[41]  | INOUT | X1Y118 | C17         | 501     |              |        |        |        |        | Unconnected |
 | FIXED_IO_mio[42]  | INOUT | X1Y119 | E12         | 501     |              |        |        |        |        | Unconnected |
 | FIXED_IO_mio[43]  | INOUT | X1Y120 | A9          | 501     |              |        |        |        |        | Unconnected |
 | FIXED_IO_mio[44]  | INOUT | X1Y121 | F13         | 501     |              |        |        |        |        | Unconnected |
 | FIXED_IO_mio[45]  | INOUT | X1Y122 | B15         | 501     |              |        |        |        |        | Unconnected |
 | FIXED_IO_mio[46]  | INOUT | X1Y123 | D16         | 501     |              |        |        |        |        | Unconnected |
 | FIXED_IO_mio[47]  | INOUT | X1Y124 | B14         | 501     |              |        |        |        |        | Unconnected |
 | FIXED_IO_mio[48]  | INOUT | X1Y125 | B12         | 501     |              |        |        |        |        | Unconnected |
 | FIXED_IO_mio[49]  | INOUT | X1Y126 | C12         | 501     |              |        |        |        |        | Unconnected |
 | FIXED_IO_mio[50]  | INOUT | X1Y127 | B13         | 501     |              |        |        |        |        | Unconnected |
 | FIXED_IO_mio[51]  | INOUT | X1Y128 | B9          | 501     |              |        |        |        |        | Unconnected |
 | FIXED_IO_mio[52]  | INOUT | X1Y129 | C10         | 501     |              |        |        |        |        | Unconnected |
 | FIXED_IO_mio[53]  | INOUT | X1Y130 | C11         | 501     |              |        |        |        |        | Unconnected |
 | FIXED_IO_ps_clk   | INOUT | X1Y26  | E7          | 500     |              |        |        |        |        | Unconnected |
 | FIXED_IO_ps_porb  | INOUT | X1Y132 | C7          | 500     |              |        |        |        |        | Unconnected |
 | FIXED_IO_ps_srstb | INOUT | X1Y134 | B10         | 501     |              |        |        |        |        | Unconnected |
 +-------------------+-------+--------+-------------+---------+--------------+--------+--------+--------+--------+-------------+

 # Ports with no Input FF: 0
 # Ports with no Output FF: 0
 # Unconnected Ports: 130
